2022-12-27 03:12:29,275 WARN  [HikariPool-1 housekeeper] (HikariPool.java:788)- HikariPool-1 - Thread starvation or clock leap detected (housekeeper delta=3h1m56s39ms147µs300ns).
2022-12-27 11:58:57,869 WARN  [HikariPool-1 housekeeper] (HikariPool.java:788)- HikariPool-1 - Thread starvation or clock leap detected (housekeeper delta=8h46m30s875ms137µs600ns).
2022-12-27 12:13:41,485 INFO  [main] (StartupInfoLogger.java:55)- Starting MainApp using Java 1.8.0_321 on zjj-001 with PID 6128 (E:\java_project\java_study\java_source\target\classes started by 17310 in E:\java_project\java_study)
2022-12-27 12:13:41,485 INFO  [main] (SpringApplication.java:659)- No active profile set, falling back to default profiles: default
2022-12-27 12:13:42,797 INFO  [main] (TomcatWebServer.java:108)- Tomcat initialized with port(s): 8081 (http)
2022-12-27 12:13:42,797 INFO  [main] (DirectJDKLog.java:173)- Initializing ProtocolHandler ["http-nio-8081"]
2022-12-27 12:13:42,797 INFO  [main] (DirectJDKLog.java:173)- Starting service [Tomcat]
2022-12-27 12:13:42,797 INFO  [main] (DirectJDKLog.java:173)- Starting Servlet engine: [Apache Tomcat/9.0.50]
2022-12-27 12:13:42,858 INFO  [main] (DirectJDKLog.java:173)- Initializing Spring embedded WebApplicationContext
2022-12-27 12:13:42,858 INFO  [main] (ServletWebServerApplicationContext.java:290)- Root WebApplicationContext: initialization completed in 1337 ms
2022-12-27 12:13:43,367 INFO  [main] (DirectJDKLog.java:173)- Starting ProtocolHandler ["http-nio-8081"]
2022-12-27 12:13:43,380 INFO  [main] (TomcatWebServer.java:220)- Tomcat started on port(s): 8081 (http) with context path ''
2022-12-27 12:13:43,387 INFO  [main] (StartupInfoLogger.java:61)- Started MainApp in 2.295 seconds (JVM running for 3.479)
2022-12-27 12:13:49,530 INFO  [http-nio-8081-exec-5] (DirectJDKLog.java:173)- Initializing Spring DispatcherServlet 'dispatcherServlet'
2022-12-27 12:13:49,530 INFO  [http-nio-8081-exec-5] (FrameworkServlet.java:525)- Initializing Servlet 'dispatcherServlet'
2022-12-27 12:13:49,533 INFO  [http-nio-8081-exec-5] (FrameworkServlet.java:547)- Completed initialization in 3 ms
2022-12-27 12:13:49,560 INFO  [http-nio-8081-exec-5] (TransactionalDemoController.java:34)- 进入到方法【14】
2022-12-27 12:13:49,572 INFO  [http-nio-8081-exec-5] (HikariDataSource.java:110)- HikariPool-1 - Starting...
2022-12-27 12:13:50,184 INFO  [http-nio-8081-exec-5] (HikariDataSource.java:123)- HikariPool-1 - Start completed.
2022-12-27 12:14:12,012 WARN  [HikariPool-1 housekeeper] (HikariPool.java:788)- HikariPool-1 - Thread starvation or clock leap detected (housekeeper delta=51s823ms672µs600ns).
2022-12-27 12:14:12,110 INFO  [http-nio-8081-exec-5] (UserServiceImpl.java:21)- 查询用户【14】的返回值为【User(id=14, name=一二一, address=你猜, status=1)】
2022-12-27 12:14:12,135 INFO  [http-nio-8081-exec-5] (UserServiceImpl.java:21)- 查询用户【15】的返回值为【User(id=15, name=一二一, address=你猜, status=1)】
2022-12-27 12:14:12,183 ERROR  [http-nio-8081-exec-5] (TransactionalDemoController.java:49)- 执行更新报错
### Error updating database.  Cause: com.mysql.cj.jdbc.exceptions.MysqlDataTruncation: Data truncation: Data too long for column 'status' at row 1
### The error may exist in com/zjj/mapper/UserMapper.xml
### The error may involve defaultParameterMap
### The error occurred while setting parameters
### SQL: update user set status=? where id = ?
### Cause: com.mysql.cj.jdbc.exceptions.MysqlDataTruncation: Data truncation: Data too long for column 'status' at row 1
; Data truncation: Data too long for column 'status' at row 1; nested exception is com.mysql.cj.jdbc.exceptions.MysqlDataTruncation: Data truncation: Data too long for column 'status' at row 1
2022-12-27 12:28:51,334 INFO  [http-nio-8081-exec-6] (TransactionalDemoController.java:34)- 进入到方法【14】
2022-12-27 12:32:08,723 WARN  [HikariPool-1 housekeeper] (HikariPool.java:788)- HikariPool-1 - Thread starvation or clock leap detected (housekeeper delta=3m26s406ms158µs100ns).
2022-12-27 12:32:08,729 INFO  [http-nio-8081-exec-6] (UserServiceImpl.java:21)- 查询用户【14】的返回值为【User(id=14, name=一二一, address=你猜, status=1)】
2022-12-27 12:32:08,763 INFO  [http-nio-8081-exec-6] (UserServiceImpl.java:21)- 查询用户【15】的返回值为【User(id=15, name=一二一, address=你猜, status=1)】
2022-12-27 12:32:08,772 ERROR  [http-nio-8081-exec-6] (TransactionalDemoController.java:49)- 执行更新报错
### Error updating database.  Cause: com.mysql.cj.jdbc.exceptions.MysqlDataTruncation: Data truncation: Data too long for column 'status' at row 1
### The error may exist in com/zjj/mapper/UserMapper.xml
### The error may involve defaultParameterMap
### The error occurred while setting parameters
### SQL: update user set status=? where id = ?
### Cause: com.mysql.cj.jdbc.exceptions.MysqlDataTruncation: Data truncation: Data too long for column 'status' at row 1
; Data truncation: Data too long for column 'status' at row 1; nested exception is com.mysql.cj.jdbc.exceptions.MysqlDataTruncation: Data truncation: Data too long for column 'status' at row 1
2022-12-27 12:37:25,470 INFO  [SpringApplicationShutdownHook] (HikariDataSource.java:350)- HikariPool-1 - Shutdown initiated...
2022-12-27 12:37:25,485 INFO  [SpringApplicationShutdownHook] (HikariDataSource.java:352)- HikariPool-1 - Shutdown completed.
